<?xml version="1.0" encoding="UTF-8"?>
<!-- Generated by org.testng.reporters.JUnitReportReporter -->
<testsuite skipped="0" hostname="T440p" name="QAClickAcademy.RestAPITest" tests="2" failures="0" timestamp="01 Nov 2018 17:07:58 GMT" time="0.000" errors="0">
  <testcase name="DeleteTwitter" time="0.000" classname="QAClickAcademy.RestAPITest"/>
  <testcase name="PostJira" time="0.000" classname="QAClickAcademy.RestAPITest"/>
</testsuite> <!-- QAClickAcademy.RestAPITest -->
