<?xml version="1.0" encoding="UTF-8"?>
<!-- Generated by org.testng.reporters.JUnitReportReporter -->
<testsuite skipped="0" hostname="T440p" name="QAClickAcademy.AppiumTest" tests="2" failures="0" timestamp="01 Nov 2018 17:07:58 GMT" time="0.007" errors="0">
  <testcase name="IOSApps" time="0.000" classname="QAClickAcademy.AppiumTest"/>
  <testcase name="AndroidTest1" time="0.007" classname="QAClickAcademy.AppiumTest"/>
</testsuite> <!-- QAClickAcademy.AppiumTest -->
