<?xml version="1.0" encoding="UTF-8"?>
<!-- Generated by org.testng.reporters.JUnitReportReporter -->
<testsuite skipped="0" hostname="T440p" name="QAClickAcademy.SeleniumTest" tests="2" failures="0" timestamp="01 Nov 2018 17:06:49 GMT" time="0.001" errors="0">
  <testcase name="BrowseAutomation" time="0.001" classname="QAClickAcademy.SeleniumTest"/>
  <testcase name="ElementsUI" time="0.000" classname="QAClickAcademy.SeleniumTest"/>
</testsuite> <!-- QAClickAcademy.SeleniumTest -->
